# JRE version: OpenJDK Runtime Environment AdoptOpenJDK (11.0.9.1+1) (build 11.0.9.1+1)
# Java VM: OpenJDK 64-Bit Server VM AdoptOpenJDK (11.0.9.1+1, mixed mode, tiered, compressed oops, g1 gc, bsd-amd64)
Heap:
 garbage-first heap   total 262144K, used 144163K [0x0000000700000000, 0x0000000800000000)
  region size 1024K, 112 young (114688K), 11 survivors (11264K)
 Metaspace       used 54603K, capacity 55329K, committed 56320K, reserved 1099776K
  class space    used 6093K, capacity 6366K, committed 6400K, reserved 1048576K
GC Heap History (16 events):
Event: 2.669 GC heap before
{Heap before GC invocations=0 (full 0):
 garbage-first heap   total 262144K, used 32768K [0x0000000700000000, 0x0000000800000000)
  region size 1024K, 24 young (24576K), 0 survivors (0K)
 Metaspace       used 19831K, capacity 20300K, committed 20480K, reserved 1067008K
  class space    used 2026K, capacity 2211K, committed 2304K, reserved 1048576K
}
Event: 2.687 GC heap after
{Heap after GC invocations=1 (full 0):
 garbage-first heap   total 262144K, used 10684K [0x0000000700000000, 0x0000000800000000)
  region size 1024K, 3 young (3072K), 3 survivors (3072K)
 Metaspace       used 19831K, capacity 20300K, committed 20480K, reserved 1067008K
  class space    used 2026K, capacity 2211K, committed 2304K, reserved 1048576K
}
Event: 5.906 GC heap before
{Heap before GC invocations=1 (full 0):
 garbage-first heap   total 262144K, used 38332K [0x0000000700000000, 0x0000000800000000)
  region size 1024K, 22 young (22528K), 3 survivors (3072K)
 Metaspace       used 20650K, capacity 21068K, committed 21248K, reserved 1069056K
  class space    used 2115K, capacity 2275K, committed 2304K, reserved 1048576K
}
Event: 5.917 GC heap after
{Heap after GC invocations=2 (full 0):
 garbage-first heap   total 262144K, used 26429K [0x0000000700000000, 0x0000000800000000)
  region size 1024K, 15 young (15360K), 15 survivors (15360K)
 Metaspace       used 20650K, capacity 21068K, committed 21248K, reserved 1069056K
  class space    used 2115K, capacity 2275K, committed 2304K, reserved 1048576K
}
Event: 6.844 GC heap before
{Heap before GC invocations=3 (full 0):
 garbage-first heap   total 262144K, used 60221K [0x0000000700000000, 0x0000000800000000)
  region size 1024K, 48 young (49152K), 15 survivors (15360K)
 Metaspace       used 25906K, capacity 26417K, committed 26880K, reserved 1073152K
  class space    used 2751K, capacity 2979K, committed 3072K, reserved 1048576K
}
Event: 6.872 GC heap after
{Heap after GC invocations=4 (full 0):
 garbage-first heap   total 262144K, used 31172K [0x0000000700000000, 0x0000000800000000)
  region size 1024K, 5 young (5120K), 5 survivors (5120K)
 Metaspace       used 25906K, capacity 26417K, committed 26880K, reserved 1073152K
  class space    used 2751K, capacity 2979K, committed 3072K, reserved 1048576K
}
Event: 8.236 GC heap before
{Heap before GC invocations=4 (full 0):
 garbage-first heap   total 262144K, used 97732K [0x0000000700000000, 0x0000000800000000)
  region size 1024K, 70 young (71680K), 5 survivors (5120K)
 Metaspace       used 32224K, capacity 32851K, committed 33280K, reserved 1079296K
  class space    used 3568K, capacity 3816K, committed 3840K, reserved 1048576K
}
Event: 8.247 GC heap after
{Heap after GC invocations=5 (full 0):
 garbage-first heap   total 262144K, used 34831K [0x0000000700000000, 0x0000000800000000)
  region size 1024K, 9 young (9216K), 9 survivors (9216K)
 Metaspace       used 32224K, capacity 32851K, committed 33280K, reserved 1079296K
  class space    used 3568K, capacity 3816K, committed 3840K, reserved 1048576K
}
Event: 8.752 GC heap before
{Heap before GC invocations=5 (full 0):
 garbage-first heap   total 262144K, used 76815K [0x0000000700000000, 0x0000000800000000)
  region size 1024K, 51 young (52224K), 9 survivors (9216K)
 Metaspace       used 34848K, capacity 35447K, committed 35840K, reserved 1081344K
  class space    used 3851K, capacity 4082K, committed 4096K, reserved 1048576K
}
Event: 8.766 GC heap after
{Heap after GC invocations=6 (full 0):
 garbage-first heap   total 262144K, used 36797K [0x0000000700000000, 0x0000000800000000)
  region size 1024K, 6 young (6144K), 6 survivors (6144K)
 Metaspace       used 34848K, capacity 35447K, committed 35840K, reserved 1081344K
  class space    used 3851K, capacity 4082K, committed 4096K, reserved 1048576K
}
Event: 9.483 GC heap before
{Heap before GC invocations=7 (full 0):
 garbage-first heap   total 262144K, used 135101K [0x0000000700000000, 0x0000000800000000)
  region size 1024K, 101 young (103424K), 6 survivors (6144K)
 Metaspace       used 38120K, capacity 38771K, committed 39424K, reserved 1083392K
  class space    used 4252K, capacity 4504K, committed 4608K, reserved 1048576K
}
Event: 9.491 GC heap after
{Heap after GC invocations=8 (full 0):
 garbage-first heap   total 262144K, used 37867K [0x0000000700000000, 0x0000000800000000)
  region size 1024K, 7 young (7168K), 7 survivors (7168K)
 Metaspace       used 38120K, capacity 38771K, committed 39424K, reserved 1083392K
  class space    used 4252K, capacity 4504K, committed 4608K, reserved 1048576K
}
Event: 9.855 GC heap before
{Heap before GC invocations=8 (full 0):
 garbage-first heap   total 262144K, used 158699K [0x0000000700000000, 0x0000000800000000)
  region size 1024K, 124 young (126976K), 7 survivors (7168K)
 Metaspace       used 38302K, capacity 38899K, committed 39424K, reserved 1083392K
  class space    used 4272K, capacity 4504K, committed 4608K, reserved 1048576K
}
Event: 9.861 GC heap after
{Heap after GC invocations=9 (full 0):
 garbage-first heap   total 262144K, used 37867K [0x0000000700000000, 0x0000000800000000)
  region size 1024K, 7 young (7168K), 7 survivors (7168K)
 Metaspace       used 38302K, capacity 38899K, committed 39424K, reserved 1083392K
  class space    used 4272K, capacity 4504K, committed 4608K, reserved 1048576K
}
Event: 12.473 GC heap before
{Heap before GC invocations=9 (full 0):
 garbage-first heap   total 262144K, used 174059K [0x0000000700000000, 0x0000000800000000)
  region size 1024K, 140 young (143360K), 7 survivors (7168K)
 Metaspace       used 47980K, capacity 48671K, committed 49408K, reserved 1093632K
  class space    used 5340K, capacity 5602K, committed 5632K, reserved 1048576K
}
Event: 12.484 GC heap after
{Heap after GC invocations=10 (full 0):
 garbage-first heap   total 262144K, used 41763K [0x0000000700000000, 0x0000000800000000)
  region size 1024K, 11 young (11264K), 11 survivors (11264K)
 Metaspace       used 47980K, capacity 48671K, committed 49408K, reserved 1093632K
  class space    used 5340K, capacity 5602K, committed 5632K, reserved 1048576K
}

